build/outputs/logs/manifest-merger-debug-report.txt
-- Merging decision tree log ---
manifest
ADDED from src\main\AndroidManifest.xml:22:1-439:12
	xmlns:android
		ADDED from src\main\AndroidManifest.xml:22:11-69
	package
		ADDED from src\main\AndroidManifest.xml:23:5-44
		INJECTED from src\main\AndroidManifest.xml
		INJECTED from src\main\AndroidManifest.xml
uses-permission#android.permission.INTERNET
ADDED from src\main\AndroidManifest.xml:26:5-67
	android:name
		ADDED from src\main\AndroidManifest.xml:26:22-64
uses-permission#android.permission.SYSTEM_ALERT_WINDOW
ADDED from src\main\AndroidManifest.xml:29:5-78
	android:name
		ADDED from src\main\AndroidManifest.xml:29:22-75
uses-permission#android.permission.READ_EXTERNAL_STORAGE
ADDED from src\main\AndroidManifest.xml:32:5-80
	android:name
		ADDED from src\main\AndroidManifest.xml:32:22-77
uses-sdk
ADDED from src\main\AndroidManifest.xml:34:5-73
MERGED from [com.android.support:appcompat-v7:23.1.1] AndroidManifest.xml:20:5-43
MERGED from [com.android.support:support-v4:23.1.1] AndroidManifest.xml:20:5-43
MERGED from [com.android.support:support-v4:23.1.1] AndroidManifest.xml:20:5-43
MERGED from [com.android.support:cardview-v7:23.1.1] AndroidManifest.xml:20:5-43
MERGED from [com.android.support:gridlayout-v7:23.1.1] AndroidManifest.xml:20:5-43
MERGED from [com.android.support:support-v4:23.1.1] AndroidManifest.xml:20:5-43
MERGED from [com.android.support:palette-v7:23.1.1] AndroidManifest.xml:20:5-43
MERGED from [com.android.support:support-v4:23.1.1] AndroidManifest.xml:20:5-43
MERGED from [com.android.support:mediarouter-v7:23.1.1] AndroidManifest.xml:20:5-43
MERGED from [com.android.support:appcompat-v7:23.1.1] AndroidManifest.xml:20:5-43
MERGED from [com.android.support:support-v4:23.1.1] AndroidManifest.xml:20:5-43
MERGED from [com.android.support:palette-v7:23.1.1] AndroidManifest.xml:20:5-43
MERGED from [com.android.support:support-v4:23.1.1] AndroidManifest.xml:20:5-43
MERGED from [com.android.support:recyclerview-v7:23.1.1] AndroidManifest.xml:20:5-43
MERGED from [com.android.support:support-v4:23.1.1] AndroidManifest.xml:20:5-43
	android:targetSdkVersion
		ADDED from src\main\AndroidManifest.xml:34:41-70
		INJECTED from src\main\AndroidManifest.xml
		INJECTED from src\main\AndroidManifest.xml
	android:minSdkVersion
		ADDED from src\main\AndroidManifest.xml:34:15-40
		INJECTED from src\main\AndroidManifest.xml
		INJECTED from src\main\AndroidManifest.xml
supports-screens
ADDED from src\main\AndroidManifest.xml:40:5-41:52
	android:requiresSmallestWidthDp
		ADDED from src\main\AndroidManifest.xml:40:23-60
	android:compatibleWidthLimitDp
		ADDED from src\main\AndroidManifest.xml:41:13-49
application
ADDED from src\main\AndroidManifest.xml:43:5-436:19
MERGED from [com.android.support:appcompat-v7:23.1.1] AndroidManifest.xml:22:5-20
MERGED from [com.android.support:support-v4:23.1.1] AndroidManifest.xml:22:5-20
MERGED from [com.android.support:support-v4:23.1.1] AndroidManifest.xml:22:5-20
MERGED from [com.android.support:cardview-v7:23.1.1] AndroidManifest.xml:22:5-20
MERGED from [com.android.support:gridlayout-v7:23.1.1] AndroidManifest.xml:22:5-20
MERGED from [com.android.support:support-v4:23.1.1] AndroidManifest.xml:22:5-20
MERGED from [com.android.support:palette-v7:23.1.1] AndroidManifest.xml:22:5-23:19
MERGED from [com.android.support:support-v4:23.1.1] AndroidManifest.xml:22:5-20
MERGED from [com.android.support:mediarouter-v7:23.1.1] AndroidManifest.xml:22:5-20
MERGED from [com.android.support:appcompat-v7:23.1.1] AndroidManifest.xml:22:5-20
MERGED from [com.android.support:support-v4:23.1.1] AndroidManifest.xml:22:5-20
MERGED from [com.android.support:palette-v7:23.1.1] AndroidManifest.xml:22:5-23:19
MERGED from [com.android.support:support-v4:23.1.1] AndroidManifest.xml:22:5-20
MERGED from [com.android.support:support-v4:23.1.1] AndroidManifest.xml:22:5-20
	android:supportsRtl
		ADDED from src\main\AndroidManifest.xml:44:13-39
	android:label
		ADDED from src\main\AndroidManifest.xml:43:18-62
	android:icon
		ADDED from src\main\AndroidManifest.xml:45:13-53
	android:hardwareAccelerated
		ADDED from src\main\AndroidManifest.xml:46:13-47
activity#com.example.android.supportv7.Support7Demos
ADDED from src\main\AndroidManifest.xml:48:9-54:20
	android:name
		ADDED from src\main\AndroidManifest.xml:48:19-47
intent-filter#android.intent.action.MAIN+android.intent.category.DEFAULT+android.intent.category.LAUNCHER
ADDED from src\main\AndroidManifest.xml:49:13-53:29
action#android.intent.action.MAIN
ADDED from src\main\AndroidManifest.xml:50:17-69
	android:name
		ADDED from src\main\AndroidManifest.xml:50:25-66
category#android.intent.category.DEFAULT
ADDED from src\main\AndroidManifest.xml:51:17-76
	android:name
		ADDED from src\main\AndroidManifest.xml:51:27-73
category#android.intent.category.LAUNCHER
ADDED from src\main\AndroidManifest.xml:52:17-77
	android:name
		ADDED from src\main\AndroidManifest.xml:52:27-74
receiver#com.example.android.supportv7.media.SampleMediaButtonReceiver
ADDED from src\main\AndroidManifest.xml:55:9-59:20
	android:name
		ADDED from src\main\AndroidManifest.xml:55:19-95
intent-filter#android.intent.action.MEDIA_BUTTON
ADDED from src\main\AndroidManifest.xml:56:13-58:29
action#android.intent.action.MEDIA_BUTTON
ADDED from src\main\AndroidManifest.xml:57:17-77
	android:name
		ADDED from src\main\AndroidManifest.xml:57:25-74
activity#com.example.android.supportv7.media.SampleMediaRouterActivity
ADDED from src\main\AndroidManifest.xml:62:9-70:20
	android:label
		ADDED from src\main\AndroidManifest.xml:64:17-74
	android:configChanges
		ADDED from src\main\AndroidManifest.xml:63:17-63
	android:theme
		ADDED from src\main\AndroidManifest.xml:65:17-63
	android:name
		ADDED from src\main\AndroidManifest.xml:62:19-66
intent-filter#android.intent.action.MAIN+com.example.android.supportv7.SAMPLE_CODE
ADDED from src\main\AndroidManifest.xml:66:13-69:29
category#com.example.android.supportv7.SAMPLE_CODE
ADDED from src\main\AndroidManifest.xml:68:17-86
	android:name
		ADDED from src\main\AndroidManifest.xml:68:27-83
activity#com.example.android.supportv7.media.SampleMediaRouterActivity$Light
ADDED from src\main\AndroidManifest.xml:72:9-80:20
	android:label
		ADDED from src\main\AndroidManifest.xml:74:17-75
	android:configChanges
		ADDED from src\main\AndroidManifest.xml:73:17-63
	android:theme
		ADDED from src\main\AndroidManifest.xml:75:17-69
	android:name
		ADDED from src\main\AndroidManifest.xml:72:19-72
activity#com.example.android.supportv7.media.SampleMediaRouterActivity$LightWithDarkActionBar
ADDED from src\main\AndroidManifest.xml:82:9-90:20
	android:label
		ADDED from src\main\AndroidManifest.xml:84:17-96
	android:configChanges
		ADDED from src\main\AndroidManifest.xml:83:17-63
	android:theme
		ADDED from src\main\AndroidManifest.xml:85:17-83
	android:name
		ADDED from src\main\AndroidManifest.xml:82:19-89
activity#com.example.android.supportv7.media.SampleMediaRouteSettingsActivity
ADDED from src\main\AndroidManifest.xml:92:9-98:20
	android:label
		ADDED from src\main\AndroidManifest.xml:93:17-77
	android:theme
		ADDED from src\main\AndroidManifest.xml:94:17-61
	android:name
		ADDED from src\main\AndroidManifest.xml:92:19-73
intent-filter#android.intent.action.MAIN
ADDED from src\main\AndroidManifest.xml:95:13-97:29
service#com.example.android.supportv7.media.SampleMediaRouteProviderService
ADDED from src\main\AndroidManifest.xml:100:9-106:19
	android:label
		ADDED from src\main\AndroidManifest.xml:101:17-76
	android:process
		ADDED from src\main\AndroidManifest.xml:102:17-39
	android:name
		ADDED from src\main\AndroidManifest.xml:100:18-71
intent-filter#android.media.MediaRouteProviderService
ADDED from src\main\AndroidManifest.xml:103:13-105:29
action#android.media.MediaRouteProviderService
ADDED from src\main\AndroidManifest.xml:104:17-82
	android:name
		ADDED from src\main\AndroidManifest.xml:104:25-79
activity#com.example.android.supportv7.view.GridLayout1
ADDED from src\main\AndroidManifest.xml:110:9-116:20
	android:label
		ADDED from src\main\AndroidManifest.xml:111:17-54
	android:name
		ADDED from src\main\AndroidManifest.xml:110:19-51
activity#com.example.android.supportv7.view.GridLayout2
ADDED from src\main\AndroidManifest.xml:118:9-124:20
	android:label
		ADDED from src\main\AndroidManifest.xml:119:17-54
	android:name
		ADDED from src\main\AndroidManifest.xml:118:19-51
activity#com.example.android.supportv7.view.GridLayout3
ADDED from src\main\AndroidManifest.xml:126:9-132:20
	android:label
		ADDED from src\main\AndroidManifest.xml:127:17-54
	android:name
		ADDED from src\main\AndroidManifest.xml:126:19-51
activity#com.example.android.supportv7.app.ActionBarMechanics
ADDED from src\main\AndroidManifest.xml:135:9-142:20
	android:label
		ADDED from src\main\AndroidManifest.xml:136:17-61
	android:theme
		ADDED from src\main\AndroidManifest.xml:137:17-55
	android:name
		ADDED from src\main\AndroidManifest.xml:135:19-57
activity#com.example.android.supportv7.app.SearchActivity
ADDED from src\main\AndroidManifest.xml:144:9-152:20
	android:name
		ADDED from src\main\AndroidManifest.xml:144:19-53
intent-filter#android.intent.action.SEARCH
ADDED from src\main\AndroidManifest.xml:145:13-147:29
action#android.intent.action.SEARCH
ADDED from src\main\AndroidManifest.xml:146:17-71
	android:name
		ADDED from src\main\AndroidManifest.xml:146:25-68
meta-data#android.app.searchable
ADDED from src\main\AndroidManifest.xml:149:13-150:61
	android:resource
		ADDED from src\main\AndroidManifest.xml:150:24-58
	android:name
		ADDED from src\main\AndroidManifest.xml:149:24-61
activity#com.example.android.supportv7.app.ActionBarUsage
ADDED from src\main\AndroidManifest.xml:154:9-161:20
	android:label
		ADDED from src\main\AndroidManifest.xml:155:17-57
	android:theme
		ADDED from src\main\AndroidManifest.xml:156:17-55
	android:name
		ADDED from src\main\AndroidManifest.xml:154:19-53
activity#com.example.android.supportv7.app.ActionBarDisplayOptions
ADDED from src\main\AndroidManifest.xml:163:9-171:20
	android:label
		ADDED from src\main\AndroidManifest.xml:164:17-67
	android:theme
		ADDED from src\main\AndroidManifest.xml:166:17-55
	android:name
		ADDED from src\main\AndroidManifest.xml:163:19-62
	android:logo
		ADDED from src\main\AndroidManifest.xml:165:17-61
activity#com.example.android.supportv7.app.ActionBarTabs
ADDED from src\main\AndroidManifest.xml:173:9-180:20
	android:label
		ADDED from src\main\AndroidManifest.xml:174:17-56
	android:theme
		ADDED from src\main\AndroidManifest.xml:175:17-52
	android:name
		ADDED from src\main\AndroidManifest.xml:173:19-52
activity#com.example.android.supportv7.app.ActionBarSettingsActionProviderActivity
ADDED from src\main\AndroidManifest.xml:182:9-189:20
	android:label
		ADDED from src\main\AndroidManifest.xml:183:17-76
	android:theme
		ADDED from src\main\AndroidManifest.xml:184:17-75
	android:name
		ADDED from src\main\AndroidManifest.xml:182:19-78
activity#com.example.android.supportv7.app.ActionBarFragmentMenu
ADDED from src\main\AndroidManifest.xml:191:9-198:20
	android:label
		ADDED from src\main\AndroidManifest.xml:192:17-65
	android:theme
		ADDED from src\main\AndroidManifest.xml:193:17-55
	android:name
		ADDED from src\main\AndroidManifest.xml:191:19-60
activity#com.example.android.supportv7.app.ActionBarWithDrawerLayout
ADDED from src\main\AndroidManifest.xml:200:9-208:20
	android:label
		ADDED from src\main\AndroidManifest.xml:201:17-74
	android:theme
		ADDED from src\main\AndroidManifest.xml:202:17-55
	android:name
		ADDED from src\main\AndroidManifest.xml:200:19-64
activity#com.example.android.supportv7.app.ActionBarPreferences
ADDED from src\main\AndroidManifest.xml:210:9-217:20
	android:label
		ADDED from src\main\AndroidManifest.xml:211:19-65
	android:theme
		ADDED from src\main\AndroidManifest.xml:212:19-57
	android:name
		ADDED from src\main\AndroidManifest.xml:210:19-59
activity#com.example.android.supportv7.app.ActionBarActionMode
ADDED from src\main\AndroidManifest.xml:219:9-226:20
	android:label
		ADDED from src\main\AndroidManifest.xml:220:19-65
	android:theme
		ADDED from src\main\AndroidManifest.xml:221:19-54
	android:name
		ADDED from src\main\AndroidManifest.xml:219:19-58
activity#com.example.android.supportv7.app.ActionBarHideOnScroll
ADDED from src\main\AndroidManifest.xml:228:9-235:20
	android:label
		ADDED from src\main\AndroidManifest.xml:229:19-65
	android:theme
		ADDED from src\main\AndroidManifest.xml:230:19-77
	android:name
		ADDED from src\main\AndroidManifest.xml:228:19-60
activity#com.example.android.supportv7.app.AppCompatWidgetsButtons
ADDED from src\main\AndroidManifest.xml:237:9-244:20
	android:label
		ADDED from src\main\AndroidManifest.xml:238:19-68
	android:theme
		ADDED from src\main\AndroidManifest.xml:239:19-77
	android:name
		ADDED from src\main\AndroidManifest.xml:237:19-62
activity#com.example.android.supportv7.app.AppCompatWidgetsSpinners
ADDED from src\main\AndroidManifest.xml:246:9-253:20
	android:label
		ADDED from src\main\AndroidManifest.xml:247:19-69
	android:theme
		ADDED from src\main\AndroidManifest.xml:248:19-77
	android:name
		ADDED from src\main\AndroidManifest.xml:246:19-63
activity#com.example.android.supportv7.app.AppCompatWidgetsTextInput
ADDED from src\main\AndroidManifest.xml:255:9-262:20
	android:label
		ADDED from src\main\AndroidManifest.xml:256:19-71
	android:theme
		ADDED from src\main\AndroidManifest.xml:257:19-77
	android:name
		ADDED from src\main\AndroidManifest.xml:255:19-64
activity#com.example.android.supportv7.app.ToolbarUsage
ADDED from src\main\AndroidManifest.xml:264:9-275:20
	android:label
		ADDED from src\main\AndroidManifest.xml:265:19-56
	android:theme
		ADDED from src\main\AndroidManifest.xml:266:19-66
	android:name
		ADDED from src\main\AndroidManifest.xml:264:19-51
meta-data#android.app.default_searchable
ADDED from src\main\AndroidManifest.xml:272:13-274:59
	android:name
		ADDED from src\main\AndroidManifest.xml:273:21-66
	android:value
		ADDED from src\main\AndroidManifest.xml:274:21-56
activity#com.example.android.supportv7.app.ToolbarDisplayOptions
ADDED from src\main\AndroidManifest.xml:277:9-284:20
	android:label
		ADDED from src\main\AndroidManifest.xml:278:19-66
	android:theme
		ADDED from src\main\AndroidManifest.xml:279:19-75
	android:name
		ADDED from src\main\AndroidManifest.xml:277:19-60
activity#com.example.android.supportv7.app.ToolbarFragmentPagerMenu
ADDED from src\main\AndroidManifest.xml:286:9-293:20
	android:label
		ADDED from src\main\AndroidManifest.xml:287:19-65
	android:theme
		ADDED from src\main\AndroidManifest.xml:288:19-75
	android:name
		ADDED from src\main\AndroidManifest.xml:286:19-63
activity#com.example.android.supportv7.app.ToolbarActionMode
ADDED from src\main\AndroidManifest.xml:295:9-302:20
	android:label
		ADDED from src\main\AndroidManifest.xml:296:19-62
	android:theme
		ADDED from src\main\AndroidManifest.xml:297:19-75
	android:name
		ADDED from src\main\AndroidManifest.xml:295:19-56
activity#com.example.android.supportv7.app.DialogUsage
ADDED from src\main\AndroidManifest.xml:304:9-311:20
	android:label
		ADDED from src\main\AndroidManifest.xml:305:19-55
	android:theme
		ADDED from src\main\AndroidManifest.xml:306:19-63
	android:name
		ADDED from src\main\AndroidManifest.xml:304:19-50
activity#com.example.android.supportv7.app.AlertDialogUsage
ADDED from src\main\AndroidManifest.xml:313:9-320:20
	android:label
		ADDED from src\main\AndroidManifest.xml:314:19-61
	android:theme
		ADDED from src\main\AndroidManifest.xml:315:19-63
	android:name
		ADDED from src\main\AndroidManifest.xml:313:19-55
activity#com.example.android.supportv7.app.DialogFragmentUsage
ADDED from src\main\AndroidManifest.xml:322:9-329:20
	android:label
		ADDED from src\main\AndroidManifest.xml:323:19-63
	android:theme
		ADDED from src\main\AndroidManifest.xml:324:19-63
	android:name
		ADDED from src\main\AndroidManifest.xml:322:19-58
provider#com.example.android.supportv7.app.RecentSuggestionsProvider
ADDED from src\main\AndroidManifest.xml:331:9-332:99
	android:authorities
		ADDED from src\main\AndroidManifest.xml:332:19-96
	android:name
		ADDED from src\main\AndroidManifest.xml:331:19-64
activity#com.example.android.supportv7.widget.RecyclerViewActivity
ADDED from src\main\AndroidManifest.xml:335:9-342:20
	android:label
		ADDED from src\main\AndroidManifest.xml:336:19-56
	android:theme
		ADDED from src\main\AndroidManifest.xml:337:19-57
	android:name
		ADDED from src\main\AndroidManifest.xml:335:19-62
activity#com.example.android.supportv7.widget.AnimatedRecyclerView
ADDED from src\main\AndroidManifest.xml:344:9-351:20
	android:label
		ADDED from src\main\AndroidManifest.xml:345:19-65
	android:theme
		ADDED from src\main\AndroidManifest.xml:346:19-57
	android:name
		ADDED from src\main\AndroidManifest.xml:344:19-62
activity#com.example.android.supportv7.widget.LinearLayoutManagerActivity
ADDED from src\main\AndroidManifest.xml:353:9-360:20
	android:label
		ADDED from src\main\AndroidManifest.xml:354:19-64
	android:theme
		ADDED from src\main\AndroidManifest.xml:355:19-57
	android:name
		ADDED from src\main\AndroidManifest.xml:353:19-69
activity#com.example.android.supportv7.util.SortedListActivity
ADDED from src\main\AndroidManifest.xml:362:9-370:20
	android:windowSoftInputMode
		ADDED from src\main\AndroidManifest.xml:364:19-61
	android:label
		ADDED from src\main\AndroidManifest.xml:363:19-63
	android:theme
		ADDED from src\main\AndroidManifest.xml:365:19-57
	android:name
		ADDED from src\main\AndroidManifest.xml:362:19-58
activity#com.example.android.supportv7.widget.GridLayoutManagerActivity
ADDED from src\main\AndroidManifest.xml:372:9-379:20
	android:label
		ADDED from src\main\AndroidManifest.xml:373:19-62
	android:theme
		ADDED from src\main\AndroidManifest.xml:374:19-57
	android:name
		ADDED from src\main\AndroidManifest.xml:372:19-67
activity#com.example.android.supportv7.widget.StaggeredGridLayoutManagerActivity
ADDED from src\main\AndroidManifest.xml:381:9-388:20
	android:label
		ADDED from src\main\AndroidManifest.xml:382:19-72
	android:theme
		ADDED from src\main\AndroidManifest.xml:383:19-57
	android:name
		ADDED from src\main\AndroidManifest.xml:381:19-76
activity#com.example.android.supportv7.widget.AsyncListUtilActivity
ADDED from src\main\AndroidManifest.xml:390:9-397:20
	android:label
		ADDED from src\main\AndroidManifest.xml:391:19-58
	android:theme
		ADDED from src\main\AndroidManifest.xml:392:19-57
	android:name
		ADDED from src\main\AndroidManifest.xml:390:19-63
activity#com.example.android.supportv7.view.CardViewActivity
ADDED from src\main\AndroidManifest.xml:399:9-406:20
	android:label
		ADDED from src\main\AndroidManifest.xml:400:19-52
	android:theme
		ADDED from src\main\AndroidManifest.xml:401:19-57
	android:name
		ADDED from src\main\AndroidManifest.xml:399:19-56
activity#com.example.android.supportv7.graphics.PaletteActivity
ADDED from src\main\AndroidManifest.xml:408:9-415:20
	android:label
		ADDED from src\main\AndroidManifest.xml:409:19-50
	android:theme
		ADDED from src\main\AndroidManifest.xml:410:19-57
	android:name
		ADDED from src\main\AndroidManifest.xml:408:19-59
activity#com.example.android.supportv7.graphics.PaletteDetailActivity
ADDED from src\main\AndroidManifest.xml:417:9-419:60
	android:label
		ADDED from src\main\AndroidManifest.xml:418:19-50
	android:theme
		ADDED from src\main\AndroidManifest.xml:419:19-57
	android:name
		ADDED from src\main\AndroidManifest.xml:417:19-65
activity#com.example.android.supportv7.widget.touch.SwipeToDismissActivity
ADDED from src\main\AndroidManifest.xml:422:9-428:20
	android:label
		ADDED from src\main\AndroidManifest.xml:423:19-68
	android:name
		ADDED from src\main\AndroidManifest.xml:422:19-70
activity#com.example.android.supportv7.widget.touch.DragAndDropActivity
ADDED from src\main\AndroidManifest.xml:429:9-435:20
	android:label
		ADDED from src\main\AndroidManifest.xml:430:19-65
	android:name
		ADDED from src\main\AndroidManifest.xml:429:19-67